# JRE version: OpenJDK Runtime Environment (11.0.2+9) (build 11.0.2+9)
# Java VM: OpenJDK 64-Bit Server VM (11.0.2+9, mixed mode, tiered, compressed oops, g1 gc, windows-amd64)
Heap:
 garbage-first heap   total 439296K, used 272350K [0x0000000500000000, 0x00000005c0000000)
  region size 1024K, 25 young (25600K), 5 survivors (5120K)
 Metaspace       used 127056K, capacity 128901K, committed 134024K, reserved 1163264K
  class space    used 17502K, capacity 18302K, committed 20096K, reserved 1048576K
GC Heap History (10 events):
Event: 5723.909 GC heap before
{Heap before GC invocations=631 (full 12):
 garbage-first heap   total 439296K, used 310628K [0x0000000500000000, 0x00000005c0000000)
  region size 1024K, 60 young (61440K), 2 survivors (2048K)
 Metaspace       used 127022K, capacity 128901K, committed 134024K, reserved 1163264K
  class space    used 17501K, capacity 18302K, committed 20096K, reserved 1048576K
}
Event: 5723.921 GC heap after
{Heap after GC invocations=632 (full 12):
 garbage-first heap   total 439296K, used 251212K [0x0000000500000000, 0x00000005c0000000)
  region size 1024K, 2 young (2048K), 2 survivors (2048K)
 Metaspace       used 127022K, capacity 128901K, committed 134024K, reserved 1163264K
  class space    used 17501K, capacity 18302K, committed 20096K, reserved 1048576K
}
Event: 5830.212 GC heap before
{Heap before GC invocations=632 (full 12):
 garbage-first heap   total 439296K, used 310604K [0x0000000500000000, 0x00000005c0000000)
  region size 1024K, 60 young (61440K), 2 survivors (2048K)
 Metaspace       used 127022K, capacity 128901K, committed 134024K, reserved 1163264K
  class space    used 17501K, capacity 18302K, committed 20096K, reserved 1048576K
}
Event: 5830.220 GC heap after
{Heap after GC invocations=633 (full 12):
 garbage-first heap   total 439296K, used 251535K [0x0000000500000000, 0x00000005c0000000)
  region size 1024K, 3 young (3072K), 3 survivors (3072K)
 Metaspace       used 127022K, capacity 128901K, committed 134024K, reserved 1163264K
  class space    used 17501K, capacity 18302K, committed 20096K, reserved 1048576K
}
Event: 5891.877 GC heap before
{Heap before GC invocations=634 (full 12):
 garbage-first heap   total 439296K, used 309903K [0x0000000500000000, 0x00000005c0000000)
  region size 1024K, 60 young (61440K), 3 survivors (3072K)
 Metaspace       used 127022K, capacity 128901K, committed 134024K, reserved 1163264K
  class space    used 17501K, capacity 18302K, committed 20096K, reserved 1048576K
}
Event: 5891.883 GC heap after
{Heap after GC invocations=635 (full 12):
 garbage-first heap   total 439296K, used 251333K [0x0000000500000000, 0x00000005c0000000)
  region size 1024K, 3 young (3072K), 3 survivors (3072K)
 Metaspace       used 127022K, capacity 128901K, committed 134024K, reserved 1163264K
  class space    used 17501K, capacity 18302K, committed 20096K, reserved 1048576K
}
Event: 5895.881 GC heap before
{Heap before GC invocations=635 (full 12):
 garbage-first heap   total 439296K, used 309701K [0x0000000500000000, 0x00000005c0000000)
  region size 1024K, 60 young (61440K), 3 survivors (3072K)
 Metaspace       used 127049K, capacity 128901K, committed 134024K, reserved 1163264K
  class space    used 17502K, capacity 18302K, committed 20096K, reserved 1048576K
}
Event: 5895.885 GC heap after
{Heap after GC invocations=636 (full 12):
 garbage-first heap   total 439296K, used 252417K [0x0000000500000000, 0x00000005c0000000)
  region size 1024K, 4 young (4096K), 4 survivors (4096K)
 Metaspace       used 127049K, capacity 128901K, committed 134024K, reserved 1163264K
  class space    used 17502K, capacity 18302K, committed 20096K, reserved 1048576K
}
Event: 5896.085 GC heap before
{Heap before GC invocations=636 (full 12):
 garbage-first heap   total 439296K, used 308737K [0x0000000500000000, 0x00000005c0000000)
  region size 1024K, 60 young (61440K), 4 survivors (4096K)
 Metaspace       used 127056K, capacity 128901K, committed 134024K, reserved 1163264K
  class space    used 17502K, capacity 18302K, committed 20096K, reserved 1048576K
}
Event: 5896.091 GC heap after
{Heap after GC invocations=637 (full 12):
 garbage-first heap   total 439296K, used 253918K [0x0000000500000000, 0x00000005c0000000)
  region size 1024K, 5 young (5120K), 5 survivors (5120K)
 Metaspace       used 127056K, capacity 128901K, committed 134024K, reserved 1163264K
  class space    used 17502K, capacity 18302K, committed 20096K, reserved 1048576K
}

