# JRE version: OpenJDK Runtime Environment (11.0.2+9) (build 11.0.2+9)
# Java VM: OpenJDK 64-Bit Server VM (11.0.2+9, mixed mode, tiered, compressed oops, g1 gc, windows-amd64)
Heap:
 garbage-first heap   total 263168K, used 183835K [0x0000000740000000, 0x0000000800000000)
  region size 1024K, 11 young (11264K), 4 survivors (4096K)
 Metaspace       used 116365K, capacity 119786K, committed 120016K, reserved 1153024K
  class space    used 15877K, capacity 17459K, committed 17536K, reserved 1048576K
GC Heap History (10 events):
Event: 1939.800 GC heap before
{Heap before GC invocations=350 (full 9):
 garbage-first heap   total 263168K, used 235282K [0x0000000740000000, 0x0000000800000000)
  region size 1024K, 60 young (61440K), 4 survivors (4096K)
 Metaspace       used 116336K, capacity 119786K, committed 120016K, reserved 1153024K
  class space    used 15876K, capacity 17459K, committed 17536K, reserved 1048576K
}
Event: 1939.812 GC heap after
{Heap after GC invocations=351 (full 9):
 garbage-first heap   total 263168K, used 178039K [0x0000000740000000, 0x0000000800000000)
  region size 1024K, 4 young (4096K), 4 survivors (4096K)
 Metaspace       used 116336K, capacity 119786K, committed 120016K, reserved 1153024K
  class space    used 15876K, capacity 17459K, committed 17536K, reserved 1048576K
}
Event: 2013.558 GC heap before
{Heap before GC invocations=351 (full 9):
 garbage-first heap   total 263168K, used 234359K [0x0000000740000000, 0x0000000800000000)
  region size 1024K, 60 young (61440K), 4 survivors (4096K)
 Metaspace       used 116336K, capacity 119786K, committed 120016K, reserved 1153024K
  class space    used 15876K, capacity 17459K, committed 17536K, reserved 1048576K
}
Event: 2013.567 GC heap after
{Heap after GC invocations=352 (full 9):
 garbage-first heap   total 263168K, used 177742K [0x0000000740000000, 0x0000000800000000)
  region size 1024K, 4 young (4096K), 4 survivors (4096K)
 Metaspace       used 116336K, capacity 119786K, committed 120016K, reserved 1153024K
  class space    used 15876K, capacity 17459K, committed 17536K, reserved 1048576K
}
Event: 2038.043 GC heap before
{Heap before GC invocations=353 (full 9):
 garbage-first heap   total 263168K, used 235086K [0x0000000740000000, 0x0000000800000000)
  region size 1024K, 60 young (61440K), 4 survivors (4096K)
 Metaspace       used 116340K, capacity 119786K, committed 120016K, reserved 1153024K
  class space    used 15876K, capacity 17459K, committed 17536K, reserved 1048576K
}
Event: 2038.051 GC heap after
{Heap after GC invocations=354 (full 9):
 garbage-first heap   total 263168K, used 177570K [0x0000000740000000, 0x0000000800000000)
  region size 1024K, 4 young (4096K), 4 survivors (4096K)
 Metaspace       used 116340K, capacity 119786K, committed 120016K, reserved 1153024K
  class space    used 15876K, capacity 17459K, committed 17536K, reserved 1048576K
}
Event: 2042.860 GC heap before
{Heap before GC invocations=354 (full 9):
 garbage-first heap   total 263168K, used 234914K [0x0000000740000000, 0x0000000800000000)
  region size 1024K, 60 young (61440K), 4 survivors (4096K)
 Metaspace       used 116357K, capacity 119786K, committed 120016K, reserved 1153024K
  class space    used 15877K, capacity 17459K, committed 17536K, reserved 1048576K
}
Event: 2042.866 GC heap after
{Heap after GC invocations=355 (full 9):
 garbage-first heap   total 263168K, used 177403K [0x0000000740000000, 0x0000000800000000)
  region size 1024K, 4 young (4096K), 4 survivors (4096K)
 Metaspace       used 116357K, capacity 119786K, committed 120016K, reserved 1153024K
  class space    used 15877K, capacity 17459K, committed 17536K, reserved 1048576K
}
Event: 2061.592 GC heap before
{Heap before GC invocations=356 (full 9):
 garbage-first heap   total 263168K, used 234747K [0x0000000740000000, 0x0000000800000000)
  region size 1024K, 60 young (61440K), 4 survivors (4096K)
 Metaspace       used 116360K, capacity 119786K, committed 120016K, reserved 1153024K
  class space    used 15877K, capacity 17459K, committed 17536K, reserved 1048576K
}
Event: 2061.598 GC heap after
{Heap after GC invocations=357 (full 9):
 garbage-first heap   total 263168K, used 177691K [0x0000000740000000, 0x0000000800000000)
  region size 1024K, 4 young (4096K), 4 survivors (4096K)
 Metaspace       used 116360K, capacity 119786K, committed 120016K, reserved 1153024K
  class space    used 15877K, capacity 17459K, committed 17536K, reserved 1048576K
}

